<?xml version="1.0" encoding="UTF-8"?>
<!-- Generated by org.testng.reporters.JUnitReportReporter -->
<testsuite hostname="LAPTOP-OELBGG4K" failures="0" tests="2" name="Test_test1.Setup" time="19.035" errors="1" timestamp="18 Jul 2020 06:04:37 GMT">
  <testcase classname="Test_test1.Setup" name="basePageNavigation" time="8.516"/>
  <testcase classname="Test_test1.Setup" name="ZasePage" time="10.519">
    <error message="element click intercepted: Element &lt;iframe name=&quot;https://accounts.sap.com/ui/public/showRegisterForm?sourceUrl=https%3A%2F%2Fcai.tools.sap%2F&amp;amp;targetUrl=https%3A%2F%2Fcai.tools.sap%2Flogin%2FloggedIn&amp;amp;spName=https%3A%2F%2Fsapcai-community.authentication.eu10.hana.ondemand.com#https%3A%2F%2Fcai.tools.sap%2F&quot; src=&quot;https://accounts.sap.com/ui/public/showRegisterForm?sourceUrl=https%3A%2F%2Fcai.tools.sap%2F&amp;amp;targetUrl=https%3A%2F%2Fcai.tools.sap%2Flogin%2FloggedIn&amp;amp;spName=https%3A%2F%2Fsapcai-community.authentication.eu10.hana.ondemand.com&quot; id=&quot;IDS_UI_Window&quot; width=&quot;100%&quot; height=&quot;0&quot; margintop=&quot;0&quot; marginleft=&quot;0&quot; frameborder=&quot;0&quot; scrolling=&quot;no&quot; allowtransparancy=&quot;true&quot; sandbox=&quot;allow-forms allow-same-origin allow-scripts allow-top-navigation allow-popups&quot; style=&quot;height: 826px;&quot; cd_frame_id_=&quot;40d4c1861ea595430a9e46fbff9f3aa2&quot;&gt;&lt;/iframe&gt; is not clickable at point (201, 559). Other element would receive the click: &lt;p class=&quot;m-text&quot;&gt;...&lt;/p&gt;
  (Session info: chrome=84.0.4147.89)
Build info: version: &#039;3.141.59&#039;, revision: &#039;e82be7d358&#039;, time: &#039;2018-11-14T08:17:03&#039;
System info: host: &#039;LAPTOP-OELBGG4K&#039;, ip: &#039;192.168.1.8&#039;, os.name: &#039;Windows 10&#039;, os.arch: &#039;amd64&#039;, os.version: &#039;10.0&#039;, java.version: &#039;14.0.1&#039;
Driver info: org.openqa.selenium.chrome.ChromeDriver
Capabilities {acceptInsecureCerts: false, browserName: chrome, browserVersion: 84.0.4147.89, chrome: {chromedriverVersion: 84.0.4147.30 (48b3e868b4cc0..., userDataDir: C:\Users\ameen\AppData\Loca...}, goog:chromeOptions: {debuggerAddress: localhost:50496}, javascriptEnabled: true, networkConnectionEnabled: false, pageLoadStrategy: normal, platform: WINDOWS, platformName: WINDOWS, proxy: Proxy(), setWindowRect: true, strictFileInteractability: false, timeouts: {implicit: 0, pageLoad: 300000, script: 30000}, unhandledPromptBehavior: dismiss and notify, webauthn:virtualAuthenticators: true}
Session ID: 2f34863e8e493d64ff112513620fc44b" type="org.openqa.selenium.ElementClickInterceptedException">
      <![CDATA[org.openqa.selenium.ElementClickInterceptedException: element click intercepted: Element <iframe name="https://accounts.sap.com/ui/public/showRegisterForm?sourceUrl=https%3A%2F%2Fcai.tools.sap%2F&amp;targetUrl=https%3A%2F%2Fcai.tools.sap%2Flogin%2FloggedIn&amp;spName=https%3A%2F%2Fsapcai-community.authentication.eu10.hana.ondemand.com#https%3A%2F%2Fcai.tools.sap%2F" src="https://accounts.sap.com/ui/public/showRegisterForm?sourceUrl=https%3A%2F%2Fcai.tools.sap%2F&amp;targetUrl=https%3A%2F%2Fcai.tools.sap%2Flogin%2FloggedIn&amp;spName=https%3A%2F%2Fsapcai-community.authentication.eu10.hana.ondemand.com" id="IDS_UI_Window" width="100%" height="0" margintop="0" marginleft="0" frameborder="0" scrolling="no" allowtransparancy="true" sandbox="allow-forms allow-same-origin allow-scripts allow-top-navigation allow-popups" style="height: 826px;" cd_frame_id_="40d4c1861ea595430a9e46fbff9f3aa2"></iframe> is not clickable at point (201, 559). Other element would receive the click: <p class="m-text">...</p>
  (Session info: chrome=84.0.4147.89)
Build info: version: '3.141.59', revision: 'e82be7d358', time: '2018-11-14T08:17:03'
System info: host: 'LAPTOP-OELBGG4K', ip: '192.168.1.8', os.name: 'Windows 10', os.arch: 'amd64', os.version: '10.0', java.version: '14.0.1'
Driver info: org.openqa.selenium.chrome.ChromeDriver
Capabilities {acceptInsecureCerts: false, browserName: chrome, browserVersion: 84.0.4147.89, chrome: {chromedriverVersion: 84.0.4147.30 (48b3e868b4cc0..., userDataDir: C:\Users\ameen\AppData\Loca...}, goog:chromeOptions: {debuggerAddress: localhost:50496}, javascriptEnabled: true, networkConnectionEnabled: false, pageLoadStrategy: normal, platform: WINDOWS, platformName: WINDOWS, proxy: Proxy(), setWindowRect: true, strictFileInteractability: false, timeouts: {implicit: 0, pageLoad: 300000, script: 30000}, unhandledPromptBehavior: dismiss and notify, webauthn:virtualAuthenticators: true}
Session ID: 2f34863e8e493d64ff112513620fc44b
	at java.base/jdk.internal.reflect.NativeConstructorAccessorImpl.newInstance0(Native Method)
	at java.base/jdk.internal.reflect.NativeConstructorAccessorImpl.newInstance(NativeConstructorAccessorImpl.java:62)
	at java.base/jdk.internal.reflect.DelegatingConstructorAccessorImpl.newInstance(DelegatingConstructorAccessorImpl.java:45)
	at java.base/java.lang.reflect.Constructor.newInstanceWithCaller(Constructor.java:500)
	at java.base/java.lang.reflect.Constructor.newInstance(Constructor.java:481)
	at org.openqa.selenium.remote.http.W3CHttpResponseCodec.createException(W3CHttpResponseCodec.java:187)
	at org.openqa.selenium.remote.http.W3CHttpResponseCodec.decode(W3CHttpResponseCodec.java:122)
	at org.openqa.selenium.remote.http.W3CHttpResponseCodec.decode(W3CHttpResponseCodec.java:49)
	at org.openqa.selenium.remote.HttpCommandExecutor.execute(HttpCommandExecutor.java:158)
	at org.openqa.selenium.remote.service.DriverCommandExecutor.execute(DriverCommandExecutor.java:83)
	at org.openqa.selenium.remote.RemoteWebDriver.execute(RemoteWebDriver.java:552)
	at org.openqa.selenium.remote.RemoteWebElement.execute(RemoteWebElement.java:285)
	at org.openqa.selenium.remote.RemoteWebElement.click(RemoteWebElement.java:84)
	at Test_test1.Setup.ZasePage(Setup.java:91)
	at java.base/jdk.internal.reflect.NativeMethodAccessorImpl.invoke0(Native Method)
	at java.base/jdk.internal.reflect.NativeMethodAccessorImpl.invoke(NativeMethodAccessorImpl.java:62)
	at java.base/jdk.internal.reflect.DelegatingMethodAccessorImpl.invoke(DelegatingMethodAccessorImpl.java:43)
	at java.base/java.lang.reflect.Method.invoke(Method.java:564)
	at org.testng.internal.MethodInvocationHelper.invokeMethod(MethodInvocationHelper.java:85)
	at org.testng.internal.Invoker.invokeMethod(Invoker.java:639)
	at org.testng.internal.Invoker.invokeTestMethod(Invoker.java:816)
	at org.testng.internal.Invoker.invokeTestMethods(Invoker.java:1124)
	at org.testng.internal.TestMethodWorker.invokeTestMethods(TestMethodWorker.java:125)
	at org.testng.internal.TestMethodWorker.run(TestMethodWorker.java:108)
	at org.testng.TestRunner.privateRun(TestRunner.java:774)
	at org.testng.TestRunner.run(TestRunner.java:624)
	at org.testng.SuiteRunner.runTest(SuiteRunner.java:359)
	at org.testng.SuiteRunner.runSequentially(SuiteRunner.java:354)
	at org.testng.SuiteRunner.privateRun(SuiteRunner.java:312)
	at org.testng.SuiteRunner.run(SuiteRunner.java:261)
	at org.testng.SuiteRunnerWorker.runSuite(SuiteRunnerWorker.java:52)
	at org.testng.SuiteRunnerWorker.run(SuiteRunnerWorker.java:86)
	at org.testng.TestNG.runSuitesSequentially(TestNG.java:1215)
	at org.testng.TestNG.runSuitesLocally(TestNG.java:1140)
	at org.testng.TestNG.run(TestNG.java:1048)
	at org.testng.remote.AbstractRemoteTestNG.run(AbstractRemoteTestNG.java:115)
	at org.testng.remote.RemoteTestNG.initAndRun(RemoteTestNG.java:251)
	at org.testng.remote.RemoteTestNG.main(RemoteTestNG.java:77)
]]>
    </error>
  </testcase> <!-- ZasePage -->
</testsuite> <!-- Test_test1.Setup -->
